{
"contracts/Raffle.sol":{"l":{"58":3,"59":3,"60":3,"61":3,"62":3,"63":3,"64":3,"65":3,"71":15,"72":1,"74":14,"75":1,"77":13,"80":13,"103":10,"104":10,"105":10,"106":10,"107":10,"108":10,"118":6,"120":6,"121":1,"127":5,"128":5,"136":5,"153":1,"154":1,"155":1,"156":1,"157":1,"158":1,"159":1,"161":1,"162":0,"164":1,"170":4,"174":0,"178":0,"182":1,"186":2,"190":2,"194":14,"198":14,"202":0},"path":"/home/khow/work/kakero/smartcontract/contracts/Raffle.sol","s":{"1":3,"2":3,"3":3,"4":3,"5":3,"6":3,"7":3,"8":3,"9":15,"10":14,"11":13,"12":13,"13":10,"14":10,"15":10,"16":10,"17":10,"18":10,"19":6,"20":6,"21":5,"22":5,"23":5,"24":1,"25":1,"26":1,"27":1,"28":1,"29":1,"30":1,"31":1,"32":1,"33":4,"34":0,"35":0,"36":1,"37":2,"38":2,"39":14,"40":14,"41":0},"b":{"1":[1,14],"2":[1,13],"3":[1,5],"4":[0,1]},"f":{"1":3,"2":15,"3":10,"4":6,"5":1,"6":4,"7":0,"8":0,"9":1,"10":2,"11":2,"12":14,"13":14,"14":0},"fnMap":{"1":{"name":"constructor","line":57,"loc":{"start":{"line":50,"column":4},"end":{"line":66,"column":4}}},"2":{"name":"enterRaffle","line":68,"loc":{"start":{"line":68,"column":4},"end":{"line":81,"column":4}}},"3":{"name":"checkUpkeep","line":92,"loc":{"start":{"line":92,"column":4},"end":{"line":109,"column":4}}},"4":{"name":"performUpkeep","line":115,"loc":{"start":{"line":115,"column":4},"end":{"line":137,"column":4}}},"5":{"name":"fulfillRandomWords","line":143,"loc":{"start":{"line":143,"column":4},"end":{"line":165,"column":4}}},"6":{"name":"getRaffleState","line":169,"loc":{"start":{"line":169,"column":4},"end":{"line":171,"column":4}}},"7":{"name":"getNumWords","line":173,"loc":{"start":{"line":173,"column":4},"end":{"line":175,"column":4}}},"8":{"name":"getRequestConfirmations","line":177,"loc":{"start":{"line":177,"column":4},"end":{"line":179,"column":4}}},"9":{"name":"getRecentWinner","line":181,"loc":{"start":{"line":181,"column":4},"end":{"line":183,"column":4}}},"10":{"name":"getPlayer","line":185,"loc":{"start":{"line":185,"column":4},"end":{"line":187,"column":4}}},"11":{"name":"getLastTimeStamp","line":189,"loc":{"start":{"line":189,"column":4},"end":{"line":191,"column":4}}},"12":{"name":"getInterval","line":193,"loc":{"start":{"line":193,"column":4},"end":{"line":195,"column":4}}},"13":{"name":"getEntranceFee","line":197,"loc":{"start":{"line":197,"column":4},"end":{"line":199,"column":4}}},"14":{"name":"getNumberOfPlayers","line":201,"loc":{"start":{"line":201,"column":4},"end":{"line":203,"column":4}}}},"statementMap":{"1":{"start":{"line":58,"column":8},"end":{"line":58,"column":69}},"2":{"start":{"line":59,"column":8},"end":{"line":59,"column":26}},"3":{"start":{"line":60,"column":8},"end":{"line":60,"column":28}},"4":{"start":{"line":61,"column":8},"end":{"line":61,"column":40}},"5":{"start":{"line":62,"column":8},"end":{"line":62,"column":34}},"6":{"start":{"line":63,"column":8},"end":{"line":63,"column":39}},"7":{"start":{"line":64,"column":8},"end":{"line":64,"column":40}},"8":{"start":{"line":65,"column":8},"end":{"line":65,"column":44}},"9":{"start":{"line":71,"column":8},"end":{"line":71,"column":2503}},"10":{"start":{"line":74,"column":8},"end":{"line":74,"column":2606}},"11":{"start":{"line":77,"column":8},"end":{"line":77,"column":42}},"12":{"start":{"line":80,"column":8},"end":{"line":80,"column":36}},"13":{"start":{"line":103,"column":8},"end":{"line":103,"column":55}},"14":{"start":{"line":104,"column":8},"end":{"line":104,"column":76}},"15":{"start":{"line":105,"column":8},"end":{"line":105,"column":46}},"16":{"start":{"line":106,"column":8},"end":{"line":106,"column":51}},"17":{"start":{"line":107,"column":8},"end":{"line":107,"column":72}},"18":{"start":{"line":108,"column":8},"end":{"line":108,"column":36}},"19":{"start":{"line":118,"column":8},"end":{"line":118,"column":47}},"20":{"start":{"line":120,"column":8},"end":{"line":120,"column":4270}},"21":{"start":{"line":127,"column":8},"end":{"line":127,"column":46}},"22":{"start":{"line":128,"column":8},"end":{"line":128,"column":4530}},"23":{"start":{"line":136,"column":8},"end":{"line":136,"column":45}},"24":{"start":{"line":153,"column":8},"end":{"line":153,"column":65}},"25":{"start":{"line":154,"column":8},"end":{"line":154,"column":63}},"26":{"start":{"line":155,"column":8},"end":{"line":155,"column":36}},"27":{"start":{"line":156,"column":8},"end":{"line":156,"column":43}},"28":{"start":{"line":157,"column":8},"end":{"line":157,"column":39}},"29":{"start":{"line":158,"column":8},"end":{"line":158,"column":40}},"30":{"start":{"line":159,"column":8},"end":{"line":159,"column":78}},"31":{"start":{"line":161,"column":8},"end":{"line":161,"column":5704}},"32":{"start":{"line":164,"column":8},"end":{"line":164,"column":39}},"33":{"start":{"line":170,"column":8},"end":{"line":170,"column":28}},"34":{"start":{"line":174,"column":8},"end":{"line":174,"column":24}},"35":{"start":{"line":178,"column":8},"end":{"line":178,"column":36}},"36":{"start":{"line":182,"column":8},"end":{"line":182,"column":29}},"37":{"start":{"line":186,"column":8},"end":{"line":186,"column":31}},"38":{"start":{"line":190,"column":8},"end":{"line":190,"column":30}},"39":{"start":{"line":194,"column":8},"end":{"line":194,"column":25}},"40":{"start":{"line":198,"column":8},"end":{"line":198,"column":28}},"41":{"start":{"line":202,"column":8},"end":{"line":202,"column":31}}},"branchMap":{"1":{"line":71,"type":"if","locations":[{"start":{"line":71,"column":8},"end":{"line":71,"column":8}},{"start":{"line":71,"column":8},"end":{"line":71,"column":8}}]},"2":{"line":74,"type":"if","locations":[{"start":{"line":74,"column":8},"end":{"line":74,"column":8}},{"start":{"line":74,"column":8},"end":{"line":74,"column":8}}]},"3":{"line":120,"type":"if","locations":[{"start":{"line":120,"column":8},"end":{"line":120,"column":8}},{"start":{"line":120,"column":8},"end":{"line":120,"column":8}}]},"4":{"line":161,"type":"if","locations":[{"start":{"line":161,"column":8},"end":{"line":161,"column":8}},{"start":{"line":161,"column":8},"end":{"line":161,"column":8}}]}}},
"contracts/test/VRFCoordinatorV2Mock.sol":{"l":{},"path":"/home/khow/work/kakero/smartcontract/contracts/test/VRFCoordinatorV2Mock.sol","s":{},"b":{},"f":{},"fnMap":{},"statementMap":{},"branchMap":{}}}
